<?xml version="1.0" encoding="UTF-8"?>
<coverage generated="1568951495353" clover="3.2.0">
  <project timestamp="1568951495353" name="All files">
    <metrics statements="82" coveredstatements="82" conditionals="76" coveredconditionals="76" methods="10" coveredmethods="10" elements="168" coveredelements="168" complexity="0" loc="82" ncloc="82" packages="1" files="1" classes="1"/>
    <file name="Range.ts" path="/home/andrew/code/range/src/Range.ts">
      <metrics statements="82" coveredstatements="82" conditionals="76" coveredconditionals="76" methods="10" coveredmethods="10"/>
      <line num="1" count="6311" type="cond" truecount="3" falsecount="0"/>
      <line num="7" count="1" type="stmt"/>
      <line num="17" count="20" type="stmt"/>
      <line num="21" count="2096" type="stmt"/>
      <line num="22" count="2096" type="stmt"/>
      <line num="24" count="2096" type="cond" truecount="2" falsecount="0"/>
      <line num="25" count="29" type="stmt"/>
      <line num="26" count="29" type="stmt"/>
      <line num="29" count="2096" type="cond" truecount="4" falsecount="0"/>
      <line num="30" count="2" type="stmt"/>
      <line num="31" count="2094" type="cond" truecount="2" falsecount="0"/>
      <line num="32" count="1" type="stmt"/>
      <line num="35" count="2093" type="cond" truecount="4" falsecount="0"/>
      <line num="36" count="3" type="stmt"/>
      <line num="37" count="2090" type="cond" truecount="2" falsecount="0"/>
      <line num="38" count="2" type="stmt"/>
      <line num="41" count="2088" type="cond" truecount="4" falsecount="0"/>
      <line num="42" count="2" type="stmt"/>
      <line num="43" count="2086" type="cond" truecount="2" falsecount="0"/>
      <line num="44" count="1" type="stmt"/>
      <line num="45" count="2085" type="cond" truecount="2" falsecount="0"/>
      <line num="46" count="1" type="stmt"/>
      <line num="49" count="2084" type="stmt"/>
      <line num="50" count="2084" type="stmt"/>
      <line num="51" count="2084" type="stmt"/>
      <line num="52" count="2084" type="cond" truecount="3" falsecount="0"/>
      <line num="56" count="2084" type="stmt"/>
      <line num="60" count="2097" type="stmt"/>
      <line num="62" count="2097" type="stmt"/>
      <line num="63" count="3601" type="stmt"/>
      <line num="68" count="20" type="cond" truecount="2" falsecount="0"/>
      <line num="69" count="1" type="stmt"/>
      <line num="72" count="19" type="stmt"/>
      <line num="73" count="19" type="stmt"/>
      <line num="75" count="19" type="stmt"/>
      <line num="76" count="19" type="stmt"/>
      <line num="78" count="19" type="cond" truecount="2" falsecount="0"/>
      <line num="79" count="78" type="cond" truecount="2" falsecount="0"/>
      <line num="80" count="1" type="stmt"/>
      <line num="82" count="77" type="stmt"/>
      <line num="83" count="77" type="stmt"/>
      <line num="87" count="18" type="cond" truecount="2" falsecount="0"/>
      <line num="91" count="2" type="stmt"/>
      <line num="93" count="2" type="stmt"/>
      <line num="94" count="16" type="cond" truecount="2" falsecount="0"/>
      <line num="95" count="1" type="stmt"/>
      <line num="99" count="1" type="stmt"/>
      <line num="103" count="2" type="stmt"/>
      <line num="105" count="2" type="stmt"/>
      <line num="106" count="16" type="cond" truecount="2" falsecount="0"/>
      <line num="107" count="1" type="stmt"/>
      <line num="111" count="1" type="stmt"/>
      <line num="115" count="14" type="cond" truecount="2" falsecount="0"/>
      <line num="119" count="14" type="stmt"/>
      <line num="121" count="14" type="stmt"/>
      <line num="122" count="14" type="cond" truecount="4" falsecount="0"/>
      <line num="123" count="2" type="stmt"/>
      <line num="124" count="12" type="cond" truecount="4" falsecount="0"/>
      <line num="125" count="1" type="stmt"/>
      <line num="126" count="11" type="cond" truecount="2" falsecount="0"/>
      <line num="127" count="1" type="stmt"/>
      <line num="130" count="14" type="stmt"/>
      <line num="131" count="14" type="cond" truecount="4" falsecount="0"/>
      <line num="132" count="5" type="stmt"/>
      <line num="133" count="9" type="cond" truecount="4" falsecount="0"/>
      <line num="134" count="1" type="stmt"/>
      <line num="135" count="8" type="cond" truecount="2" falsecount="0"/>
      <line num="136" count="5" type="stmt"/>
      <line num="139" count="14" type="stmt"/>
      <line num="140" count="14" type="stmt"/>
      <line num="141" count="14" type="stmt"/>
      <line num="142" count="140" type="cond" truecount="2" falsecount="0"/>
      <line num="143" count="14" type="stmt"/>
      <line num="146" count="140" type="cond" truecount="2" falsecount="0"/>
      <line num="147" count="9" type="stmt"/>
      <line num="151" count="14" type="stmt"/>
      <line num="155" count="2" type="stmt"/>
      <line num="157" count="2" type="stmt"/>
      <line num="158" count="16" type="cond" truecount="2" falsecount="0"/>
      <line num="159" count="1" type="stmt"/>
      <line num="163" count="1" type="stmt"/>
      <line num="168" count="20" type="stmt"/>
    </file>
  </project>
</coverage>
