{"/home/andrew/code/range/src/Range.ts": {"path":"/home/andrew/code/range/src/Range.ts","statementMap":{"0":{"start":{"line":1,"column":17},"end":{"line":3,"column":23}},"1":{"start":{"line":1,"column":46},"end":{"line":3,"column":23}},"2":{"start":{"line":21,"column":21},"end":{"line":21,"column":26}},"3":{"start":{"line":22,"column":20},"end":{"line":22,"column":24}},"4":{"start":{"line":24,"column":4},"end":{"line":27,"column":null}},"5":{"start":{"line":25,"column":6},"end":{"line":25,"column":21}},"6":{"start":{"line":26,"column":6},"end":{"line":26,"column":24}},"7":{"start":{"line":29,"column":4},"end":{"line":33,"column":null}},"8":{"start":{"line":30,"column":6},"end":{"line":30,"column":63}},"9":{"start":{"line":31,"column":11},"end":{"line":33,"column":null}},"10":{"start":{"line":32,"column":6},"end":{"line":32,"column":66}},"11":{"start":{"line":35,"column":4},"end":{"line":39,"column":null}},"12":{"start":{"line":36,"column":6},"end":{"line":36,"column":62}},"13":{"start":{"line":37,"column":11},"end":{"line":39,"column":null}},"14":{"start":{"line":38,"column":6},"end":{"line":38,"column":65}},"15":{"start":{"line":41,"column":4},"end":{"line":47,"column":null}},"16":{"start":{"line":42,"column":6},"end":{"line":42,"column":62}},"17":{"start":{"line":43,"column":11},"end":{"line":47,"column":null}},"18":{"start":{"line":44,"column":6},"end":{"line":44,"column":65}},"19":{"start":{"line":45,"column":11},"end":{"line":47,"column":null}},"20":{"start":{"line":46,"column":6},"end":{"line":46,"column":61}},"21":{"start":{"line":49,"column":4},"end":{"line":49,"column":28}},"22":{"start":{"line":50,"column":4},"end":{"line":50,"column":21}},"23":{"start":{"line":51,"column":4},"end":{"line":51,"column":26}},"24":{"start":{"line":52,"column":4},"end":{"line":54,"column":47}},"25":{"start":{"line":56,"column":4},"end":{"line":56,"column":24}},"26":{"start":{"line":17,"column":4},"end":{"line":17,"column":68}},"27":{"start":{"line":60,"column":36},"end":{"line":60,"column":40}},"28":{"start":{"line":62,"column":4},"end":{"line":64,"column":null}},"29":{"start":{"line":62,"column":17},"end":{"line":62,"column":18}},"30":{"start":{"line":63,"column":6},"end":{"line":63,"column":31}},"31":{"start":{"line":68,"column":4},"end":{"line":70,"column":null}},"32":{"start":{"line":69,"column":6},"end":{"line":69,"column":19}},"33":{"start":{"line":72,"column":20},"end":{"line":72,"column":43}},"34":{"start":{"line":73,"column":21},"end":{"line":73,"column":45}},"35":{"start":{"line":75,"column":18},"end":{"line":75,"column":32}},"36":{"start":{"line":76,"column":19},"end":{"line":76,"column":34}},"37":{"start":{"line":78,"column":4},"end":{"line":84,"column":null}},"38":{"start":{"line":79,"column":6},"end":{"line":81,"column":null}},"39":{"start":{"line":80,"column":8},"end":{"line":80,"column":21}},"40":{"start":{"line":82,"column":6},"end":{"line":82,"column":31}},"41":{"start":{"line":83,"column":6},"end":{"line":83,"column":33}},"42":{"start":{"line":86,"column":4},"end":{"line":86,"column":50}},"43":{"start":{"line":90,"column":16},"end":{"line":90,"column":39}},"44":{"start":{"line":92,"column":4},"end":{"line":96,"column":null}},"45":{"start":{"line":92,"column":18},"end":{"line":92,"column":28}},"46":{"start":{"line":93,"column":6},"end":{"line":95,"column":null}},"47":{"start":{"line":94,"column":8},"end":{"line":94,"column":20}},"48":{"start":{"line":98,"column":4},"end":{"line":98,"column":17}},"49":{"start":{"line":102,"column":16},"end":{"line":102,"column":39}},"50":{"start":{"line":104,"column":4},"end":{"line":108,"column":null}},"51":{"start":{"line":104,"column":18},"end":{"line":104,"column":28}},"52":{"start":{"line":104,"column":34},"end":{"line":104,"column":35}},"53":{"start":{"line":105,"column":6},"end":{"line":107,"column":null}},"54":{"start":{"line":106,"column":8},"end":{"line":106,"column":17}},"55":{"start":{"line":110,"column":4},"end":{"line":110,"column":14}},"56":{"start":{"line":114,"column":21},"end":{"line":116,"column":9}},"57":{"start":{"line":118,"column":16},"end":{"line":118,"column":39}},"58":{"start":{"line":120,"column":21},"end":{"line":120,"column":26}},"59":{"start":{"line":121,"column":4},"end":{"line":127,"column":null}},"60":{"start":{"line":122,"column":6},"end":{"line":122,"column":21}},"61":{"start":{"line":123,"column":11},"end":{"line":127,"column":null}},"62":{"start":{"line":124,"column":6},"end":{"line":124,"column":21}},"63":{"start":{"line":125,"column":11},"end":{"line":127,"column":null}},"64":{"start":{"line":126,"column":6},"end":{"line":126,"column":39}},"65":{"start":{"line":129,"column":19},"end":{"line":129,"column":22}},"66":{"start":{"line":130,"column":4},"end":{"line":136,"column":null}},"67":{"start":{"line":131,"column":6},"end":{"line":131,"column":29}},"68":{"start":{"line":132,"column":11},"end":{"line":136,"column":null}},"69":{"start":{"line":133,"column":6},"end":{"line":133,"column":19}},"70":{"start":{"line":134,"column":11},"end":{"line":136,"column":null}},"71":{"start":{"line":135,"column":6},"end":{"line":135,"column":35}},"72":{"start":{"line":138,"column":27},"end":{"line":138,"column":37}},"73":{"start":{"line":139,"column":25},"end":{"line":139,"column":34}},"74":{"start":{"line":140,"column":4},"end":{"line":148,"column":null}},"75":{"start":{"line":140,"column":18},"end":{"line":140,"column":28}},"76":{"start":{"line":140,"column":34},"end":{"line":140,"column":35}},"77":{"start":{"line":141,"column":6},"end":{"line":143,"column":null}},"78":{"start":{"line":142,"column":8},"end":{"line":142,"column":28}},"79":{"start":{"line":145,"column":6},"end":{"line":147,"column":null}},"80":{"start":{"line":146,"column":8},"end":{"line":146,"column":26}},"81":{"start":{"line":150,"column":4},"end":{"line":150,"column":61}},"82":{"start":{"line":154,"column":16},"end":{"line":154,"column":39}},"83":{"start":{"line":156,"column":4},"end":{"line":160,"column":null}},"84":{"start":{"line":156,"column":18},"end":{"line":156,"column":28}},"85":{"start":{"line":156,"column":34},"end":{"line":156,"column":35}},"86":{"start":{"line":157,"column":6},"end":{"line":159,"column":null}},"87":{"start":{"line":158,"column":8},"end":{"line":158,"column":24}},"88":{"start":{"line":162,"column":4},"end":{"line":162,"column":21}},"89":{"start":{"line":167,"column":4},"end":{"line":167,"column":19}},"90":{"start":{"line":7,"column":0},"end":{"line":7,"column":21}}},"fnMap":{"0":{"name":"(anonymous_0)","decl":{"start":{"line":1,"column":17},"end":{"line":1,"column":18}},"loc":{"start":{"line":1,"column":46},"end":{"line":3,"column":23}}},"1":{"name":"(anonymous_1)","decl":{"start":{"line":20,"column":2},"end":{"line":20,"column":14}},"loc":{"start":{"line":20,"column":60},"end":{"line":57,"column":3}}},"2":{"name":"(anonymous_2)","decl":{"start":{"line":16,"column":2},"end":{"line":16,"column":8}},"loc":{"start":{"line":16,"column":29},"end":{"line":18,"column":3}}},"3":{"name":"(anonymous_3)","decl":{"start":{"line":59,"column":2},"end":{"line":59,"column":4}},"loc":{"start":{"line":59,"column":21},"end":{"line":65,"column":3}}},"4":{"name":"(anonymous_4)","decl":{"start":{"line":67,"column":2},"end":{"line":67,"column":8}},"loc":{"start":{"line":67,"column":23},"end":{"line":87,"column":3}}},"5":{"name":"(anonymous_5)","decl":{"start":{"line":89,"column":2},"end":{"line":89,"column":5}},"loc":{"start":{"line":89,"column":20},"end":{"line":99,"column":3}}},"6":{"name":"(anonymous_6)","decl":{"start":{"line":101,"column":2},"end":{"line":101,"column":9}},"loc":{"start":{"line":101,"column":24},"end":{"line":111,"column":3}}},"7":{"name":"(anonymous_7)","decl":{"start":{"line":113,"column":2},"end":{"line":113,"column":7}},"loc":{"start":{"line":113,"column":77},"end":{"line":151,"column":3}}},"8":{"name":"(anonymous_8)","decl":{"start":{"line":153,"column":2},"end":{"line":153,"column":4}},"loc":{"start":{"line":153,"column":18},"end":{"line":163,"column":3}}},"9":{"name":"(anonymous_9)","decl":{"start":{"line":166,"column":2},"end":{"line":166,"column":6}},"loc":{"start":{"line":166,"column":26},"end":{"line":168,"column":3}}}},"branchMap":{"0":{"loc":{"start":{"line":1,"column":46},"end":{"line":1,"column":69}},"type":"binary-expr","locations":[{"start":{"line":1,"column":46},"end":{"line":1,"column":69}},{"start":{"line":2,"column":5},"end":{"line":2,"column":62}},{"start":{"line":3,"column":5},"end":{"line":3,"column":23}}]},"1":{"loc":{"start":{"line":20,"column":59},"end":{"line":20,"column":60}},"type":"default-arg","locations":[{"start":{"line":20,"column":59},"end":{"line":20,"column":60}}]},"2":{"loc":{"start":{"line":24,"column":4},"end":{"line":27,"column":null}},"type":"if","locations":[{"start":{"line":24,"column":4},"end":{"line":27,"column":null}},{"start":{"line":24,"column":4},"end":{"line":27,"column":null}}]},"3":{"loc":{"start":{"line":29,"column":4},"end":{"line":33,"column":null}},"type":"if","locations":[{"start":{"line":29,"column":4},"end":{"line":33,"column":null}},{"start":{"line":29,"column":4},"end":{"line":33,"column":null}}]},"4":{"loc":{"start":{"line":29,"column":8},"end":{"line":29,"column":26}},"type":"binary-expr","locations":[{"start":{"line":29,"column":8},"end":{"line":29,"column":26}},{"start":{"line":29,"column":30},"end":{"line":29,"column":51}}]},"5":{"loc":{"start":{"line":31,"column":11},"end":{"line":33,"column":null}},"type":"if","locations":[{"start":{"line":31,"column":11},"end":{"line":33,"column":null}},{"start":{"line":31,"column":11},"end":{"line":33,"column":null}}]},"6":{"loc":{"start":{"line":35,"column":4},"end":{"line":39,"column":null}},"type":"if","locations":[{"start":{"line":35,"column":4},"end":{"line":39,"column":null}},{"start":{"line":35,"column":4},"end":{"line":39,"column":null}}]},"7":{"loc":{"start":{"line":35,"column":8},"end":{"line":35,"column":25}},"type":"binary-expr","locations":[{"start":{"line":35,"column":8},"end":{"line":35,"column":25}},{"start":{"line":35,"column":29},"end":{"line":35,"column":49}}]},"8":{"loc":{"start":{"line":37,"column":11},"end":{"line":39,"column":null}},"type":"if","locations":[{"start":{"line":37,"column":11},"end":{"line":39,"column":null}},{"start":{"line":37,"column":11},"end":{"line":39,"column":null}}]},"9":{"loc":{"start":{"line":41,"column":4},"end":{"line":47,"column":null}},"type":"if","locations":[{"start":{"line":41,"column":4},"end":{"line":47,"column":null}},{"start":{"line":41,"column":4},"end":{"line":47,"column":null}}]},"10":{"loc":{"start":{"line":41,"column":8},"end":{"line":41,"column":20}},"type":"binary-expr","locations":[{"start":{"line":41,"column":8},"end":{"line":41,"column":20}},{"start":{"line":41,"column":24},"end":{"line":41,"column":39}}]},"11":{"loc":{"start":{"line":43,"column":11},"end":{"line":47,"column":null}},"type":"if","locations":[{"start":{"line":43,"column":11},"end":{"line":47,"column":null}},{"start":{"line":43,"column":11},"end":{"line":47,"column":null}}]},"12":{"loc":{"start":{"line":45,"column":11},"end":{"line":47,"column":null}},"type":"if","locations":[{"start":{"line":45,"column":11},"end":{"line":47,"column":null}},{"start":{"line":45,"column":11},"end":{"line":47,"column":null}}]},"13":{"loc":{"start":{"line":52,"column":18},"end":{"line":52,"column":60}},"type":"binary-expr","locations":[{"start":{"line":52,"column":18},"end":{"line":52,"column":60}},{"start":{"line":53,"column":9},"end":{"line":53,"column":46}},{"start":{"line":54,"column":9},"end":{"line":54,"column":46}}]},"14":{"loc":{"start":{"line":53,"column":11},"end":{"line":53,"column":33}},"type":"binary-expr","locations":[{"start":{"line":53,"column":11},"end":{"line":53,"column":33}},{"start":{"line":53,"column":37},"end":{"line":53,"column":45}}]},"15":{"loc":{"start":{"line":54,"column":11},"end":{"line":54,"column":33}},"type":"binary-expr","locations":[{"start":{"line":54,"column":11},"end":{"line":54,"column":33}},{"start":{"line":54,"column":37},"end":{"line":54,"column":45}}]},"16":{"loc":{"start":{"line":68,"column":4},"end":{"line":70,"column":null}},"type":"if","locations":[{"start":{"line":68,"column":4},"end":{"line":70,"column":null}},{"start":{"line":68,"column":4},"end":{"line":70,"column":null}}]},"17":{"loc":{"start":{"line":78,"column":11},"end":{"line":78,"column":24}},"type":"binary-expr","locations":[{"start":{"line":78,"column":11},"end":{"line":78,"column":24}},{"start":{"line":78,"column":28},"end":{"line":78,"column":42}}]},"18":{"loc":{"start":{"line":79,"column":6},"end":{"line":81,"column":null}},"type":"if","locations":[{"start":{"line":79,"column":6},"end":{"line":81,"column":null}},{"start":{"line":79,"column":6},"end":{"line":81,"column":null}}]},"19":{"loc":{"start":{"line":86,"column":19},"end":{"line":86,"column":31}},"type":"binary-expr","locations":[{"start":{"line":86,"column":19},"end":{"line":86,"column":31}},{"start":{"line":86,"column":35},"end":{"line":86,"column":48}}]},"20":{"loc":{"start":{"line":93,"column":6},"end":{"line":95,"column":null}},"type":"if","locations":[{"start":{"line":93,"column":6},"end":{"line":95,"column":null}},{"start":{"line":93,"column":6},"end":{"line":95,"column":null}}]},"21":{"loc":{"start":{"line":105,"column":6},"end":{"line":107,"column":null}},"type":"if","locations":[{"start":{"line":105,"column":6},"end":{"line":107,"column":null}},{"start":{"line":105,"column":6},"end":{"line":107,"column":null}}]},"22":{"loc":{"start":{"line":113,"column":76},"end":{"line":113,"column":77}},"type":"default-arg","locations":[{"start":{"line":113,"column":76},"end":{"line":113,"column":77}}]},"23":{"loc":{"start":{"line":115,"column":8},"end":{"line":115,"column":12}},"type":"cond-expr","locations":[{"start":{"line":115,"column":8},"end":{"line":115,"column":12}},{"start":{"line":116,"column":8},"end":{"line":116,"column":9}}]},"24":{"loc":{"start":{"line":114,"column":21},"end":{"line":114,"column":35}},"type":"binary-expr","locations":[{"start":{"line":114,"column":21},"end":{"line":114,"column":35}},{"start":{"line":114,"column":39},"end":{"line":114,"column":61}}]},"25":{"loc":{"start":{"line":121,"column":4},"end":{"line":127,"column":null}},"type":"if","locations":[{"start":{"line":121,"column":4},"end":{"line":127,"column":null}},{"start":{"line":121,"column":4},"end":{"line":127,"column":null}}]},"26":{"loc":{"start":{"line":121,"column":8},"end":{"line":121,"column":21}},"type":"binary-expr","locations":[{"start":{"line":121,"column":8},"end":{"line":121,"column":21}},{"start":{"line":121,"column":25},"end":{"line":121,"column":41}}]},"27":{"loc":{"start":{"line":123,"column":11},"end":{"line":127,"column":null}},"type":"if","locations":[{"start":{"line":123,"column":11},"end":{"line":127,"column":null}},{"start":{"line":123,"column":11},"end":{"line":127,"column":null}}]},"28":{"loc":{"start":{"line":123,"column":15},"end":{"line":123,"column":24}},"type":"binary-expr","locations":[{"start":{"line":123,"column":15},"end":{"line":123,"column":24}},{"start":{"line":123,"column":28},"end":{"line":123,"column":57}}]},"29":{"loc":{"start":{"line":125,"column":11},"end":{"line":127,"column":null}},"type":"if","locations":[{"start":{"line":125,"column":11},"end":{"line":127,"column":null}},{"start":{"line":125,"column":11},"end":{"line":127,"column":null}}]},"30":{"loc":{"start":{"line":130,"column":4},"end":{"line":136,"column":null}},"type":"if","locations":[{"start":{"line":130,"column":4},"end":{"line":136,"column":null}},{"start":{"line":130,"column":4},"end":{"line":136,"column":null}}]},"31":{"loc":{"start":{"line":130,"column":8},"end":{"line":130,"column":19}},"type":"binary-expr","locations":[{"start":{"line":130,"column":8},"end":{"line":130,"column":19}},{"start":{"line":130,"column":23},"end":{"line":130,"column":37}}]},"32":{"loc":{"start":{"line":132,"column":11},"end":{"line":136,"column":null}},"type":"if","locations":[{"start":{"line":132,"column":11},"end":{"line":136,"column":null}},{"start":{"line":132,"column":11},"end":{"line":136,"column":null}}]},"33":{"loc":{"start":{"line":132,"column":15},"end":{"line":132,"column":22}},"type":"binary-expr","locations":[{"start":{"line":132,"column":15},"end":{"line":132,"column":22}},{"start":{"line":132,"column":26},"end":{"line":132,"column":53}}]},"34":{"loc":{"start":{"line":134,"column":11},"end":{"line":136,"column":null}},"type":"if","locations":[{"start":{"line":134,"column":11},"end":{"line":136,"column":null}},{"start":{"line":134,"column":11},"end":{"line":136,"column":null}}]},"35":{"loc":{"start":{"line":141,"column":6},"end":{"line":143,"column":null}},"type":"if","locations":[{"start":{"line":141,"column":6},"end":{"line":143,"column":null}},{"start":{"line":141,"column":6},"end":{"line":143,"column":null}}]},"36":{"loc":{"start":{"line":145,"column":6},"end":{"line":147,"column":null}},"type":"if","locations":[{"start":{"line":145,"column":6},"end":{"line":147,"column":null}},{"start":{"line":145,"column":6},"end":{"line":147,"column":null}}]},"37":{"loc":{"start":{"line":157,"column":6},"end":{"line":159,"column":null}},"type":"if","locations":[{"start":{"line":157,"column":6},"end":{"line":159,"column":null}},{"start":{"line":157,"column":6},"end":{"line":159,"column":null}}]}},"s":{"0":1,"1":6311,"2":2096,"3":2096,"4":2096,"5":29,"6":29,"7":2096,"8":2,"9":2094,"10":1,"11":2093,"12":3,"13":2090,"14":2,"15":2088,"16":2,"17":2086,"18":1,"19":2085,"20":1,"21":2084,"22":2084,"23":2084,"24":2084,"25":2084,"26":20,"27":2097,"28":2097,"29":2097,"30":3601,"31":20,"32":1,"33":19,"34":19,"35":19,"36":19,"37":19,"38":78,"39":1,"40":77,"41":77,"42":18,"43":2,"44":2,"45":2,"46":16,"47":1,"48":1,"49":2,"50":2,"51":2,"52":2,"53":16,"54":1,"55":1,"56":14,"57":14,"58":14,"59":14,"60":2,"61":12,"62":1,"63":11,"64":1,"65":14,"66":14,"67":5,"68":9,"69":1,"70":8,"71":5,"72":14,"73":14,"74":14,"75":14,"76":14,"77":140,"78":14,"79":140,"80":9,"81":14,"82":2,"83":2,"84":2,"85":2,"86":16,"87":1,"88":1,"89":20,"90":1},"f":{"0":6311,"1":2096,"2":20,"3":2097,"4":20,"5":2,"6":2,"7":14,"8":2,"9":20},"b":{"0":[6311,6306,6306],"1":[247],"2":[29,2067],"3":[2,2094],"4":[2096,2096],"5":[1,2093],"6":[3,2090],"7":[2093,2092],"8":[2,2088],"9":[2,2086],"10":[2088,2088],"11":[1,2085],"12":[1,2084],"13":[2084,712,712],"14":[712,285],"15":[712,241],"16":[1,19],"17":[96,79],"18":[1,77],"19":[18,17],"20":[1,15],"21":[1,15],"22":[8],"23":[12,2],"24":[14,12],"25":[2,12],"26":[14,12],"27":[1,11],"28":[12,2],"29":[1,10],"30":[5,9],"31":[14,9],"32":[1,8],"33":[9,6],"34":[5,3],"35":[14,126],"36":[9,131],"37":[1,15]}}
}
