{"/home/andrew/code/range/src/Range.ts": {"path":"/home/andrew/code/range/src/Range.ts","statementMap":{"0":{"start":{"line":1,"column":17},"end":{"line":3,"column":23}},"1":{"start":{"line":1,"column":40},"end":{"line":3,"column":23}},"2":{"start":{"line":13,"column":4},"end":{"line":19,"column":null}},"3":{"start":{"line":14,"column":6},"end":{"line":14,"column":21}},"4":{"start":{"line":15,"column":6},"end":{"line":15,"column":23}},"5":{"start":{"line":17,"column":6},"end":{"line":17,"column":25}},"6":{"start":{"line":18,"column":6},"end":{"line":18,"column":21}},"7":{"start":{"line":21,"column":4},"end":{"line":25,"column":null}},"8":{"start":{"line":22,"column":6},"end":{"line":22,"column":63}},"9":{"start":{"line":23,"column":11},"end":{"line":25,"column":null}},"10":{"start":{"line":24,"column":6},"end":{"line":24,"column":66}},"11":{"start":{"line":27,"column":4},"end":{"line":31,"column":null}},"12":{"start":{"line":28,"column":6},"end":{"line":28,"column":61}},"13":{"start":{"line":29,"column":11},"end":{"line":31,"column":null}},"14":{"start":{"line":30,"column":6},"end":{"line":30,"column":64}},"15":{"start":{"line":33,"column":4},"end":{"line":39,"column":null}},"16":{"start":{"line":34,"column":6},"end":{"line":34,"column":62}},"17":{"start":{"line":35,"column":11},"end":{"line":39,"column":null}},"18":{"start":{"line":36,"column":6},"end":{"line":36,"column":65}},"19":{"start":{"line":37,"column":11},"end":{"line":39,"column":null}},"20":{"start":{"line":38,"column":6},"end":{"line":38,"column":61}},"21":{"start":{"line":41,"column":4},"end":{"line":41,"column":28}},"22":{"start":{"line":42,"column":4},"end":{"line":42,"column":21}},"23":{"start":{"line":43,"column":4},"end":{"line":45,"column":46}},"24":{"start":{"line":49,"column":4},"end":{"line":51,"column":null}},"25":{"start":{"line":49,"column":17},"end":{"line":49,"column":18}},"26":{"start":{"line":50,"column":6},"end":{"line":50,"column":41}},"27":{"start":{"line":55,"column":4},"end":{"line":55,"column":19}},"28":{"start":{"line":5,"column":0},"end":{"line":5,"column":21}}},"fnMap":{"0":{"name":"(anonymous_0)","decl":{"start":{"line":1,"column":17},"end":{"line":1,"column":18}},"loc":{"start":{"line":1,"column":40},"end":{"line":3,"column":23}}},"1":{"name":"(anonymous_1)","decl":{"start":{"line":10,"column":2},"end":{"line":10,"column":14}},"loc":{"start":{"line":10,"column":59},"end":{"line":46,"column":3}}},"2":{"name":"(anonymous_2)","decl":{"start":{"line":48,"column":2},"end":{"line":48,"column":3}},"loc":{"start":{"line":48,"column":20},"end":{"line":52,"column":3}}},"3":{"name":"(anonymous_3)","decl":{"start":{"line":54,"column":2},"end":{"line":54,"column":6}},"loc":{"start":{"line":54,"column":26},"end":{"line":56,"column":3}}}},"branchMap":{"0":{"loc":{"start":{"line":1,"column":40},"end":{"line":1,"column":63}},"type":"binary-expr","locations":[{"start":{"line":1,"column":40},"end":{"line":1,"column":63}},{"start":{"line":2,"column":5},"end":{"line":2,"column":62}},{"start":{"line":3,"column":5},"end":{"line":3,"column":23}}]},"1":{"loc":{"start":{"line":10,"column":58},"end":{"line":10,"column":59}},"type":"default-arg","locations":[{"start":{"line":10,"column":58},"end":{"line":10,"column":59}}]},"2":{"loc":{"start":{"line":13,"column":4},"end":{"line":19,"column":null}},"type":"if","locations":[{"start":{"line":13,"column":4},"end":{"line":19,"column":null}},{"start":{"line":13,"column":4},"end":{"line":19,"column":null}}]},"3":{"loc":{"start":{"line":21,"column":4},"end":{"line":25,"column":null}},"type":"if","locations":[{"start":{"line":21,"column":4},"end":{"line":25,"column":null}},{"start":{"line":21,"column":4},"end":{"line":25,"column":null}}]},"4":{"loc":{"start":{"line":21,"column":8},"end":{"line":21,"column":26}},"type":"binary-expr","locations":[{"start":{"line":21,"column":8},"end":{"line":21,"column":26}},{"start":{"line":21,"column":30},"end":{"line":21,"column":51}}]},"5":{"loc":{"start":{"line":23,"column":11},"end":{"line":25,"column":null}},"type":"if","locations":[{"start":{"line":23,"column":11},"end":{"line":25,"column":null}},{"start":{"line":23,"column":11},"end":{"line":25,"column":null}}]},"6":{"loc":{"start":{"line":27,"column":4},"end":{"line":31,"column":null}},"type":"if","locations":[{"start":{"line":27,"column":4},"end":{"line":31,"column":null}},{"start":{"line":27,"column":4},"end":{"line":31,"column":null}}]},"7":{"loc":{"start":{"line":27,"column":8},"end":{"line":27,"column":24}},"type":"binary-expr","locations":[{"start":{"line":27,"column":8},"end":{"line":27,"column":24}},{"start":{"line":27,"column":28},"end":{"line":27,"column":47}}]},"8":{"loc":{"start":{"line":29,"column":11},"end":{"line":31,"column":null}},"type":"if","locations":[{"start":{"line":29,"column":11},"end":{"line":31,"column":null}},{"start":{"line":29,"column":11},"end":{"line":31,"column":null}}]},"9":{"loc":{"start":{"line":33,"column":4},"end":{"line":39,"column":null}},"type":"if","locations":[{"start":{"line":33,"column":4},"end":{"line":39,"column":null}},{"start":{"line":33,"column":4},"end":{"line":39,"column":null}}]},"10":{"loc":{"start":{"line":33,"column":8},"end":{"line":33,"column":20}},"type":"binary-expr","locations":[{"start":{"line":33,"column":8},"end":{"line":33,"column":20}},{"start":{"line":33,"column":24},"end":{"line":33,"column":39}}]},"11":{"loc":{"start":{"line":35,"column":11},"end":{"line":39,"column":null}},"type":"if","locations":[{"start":{"line":35,"column":11},"end":{"line":39,"column":null}},{"start":{"line":35,"column":11},"end":{"line":39,"column":null}}]},"12":{"loc":{"start":{"line":37,"column":11},"end":{"line":39,"column":null}},"type":"if","locations":[{"start":{"line":37,"column":11},"end":{"line":39,"column":null}},{"start":{"line":37,"column":11},"end":{"line":39,"column":null}}]},"13":{"loc":{"start":{"line":43,"column":18},"end":{"line":43,"column":59}},"type":"binary-expr","locations":[{"start":{"line":43,"column":18},"end":{"line":43,"column":59}},{"start":{"line":44,"column":9},"end":{"line":44,"column":45}},{"start":{"line":45,"column":9},"end":{"line":45,"column":45}}]},"14":{"loc":{"start":{"line":44,"column":11},"end":{"line":44,"column":32}},"type":"binary-expr","locations":[{"start":{"line":44,"column":11},"end":{"line":44,"column":32}},{"start":{"line":44,"column":36},"end":{"line":44,"column":44}}]},"15":{"loc":{"start":{"line":45,"column":11},"end":{"line":45,"column":32}},"type":"binary-expr","locations":[{"start":{"line":45,"column":11},"end":{"line":45,"column":32}},{"start":{"line":45,"column":36},"end":{"line":45,"column":44}}]}},"s":{"0":1,"1":6147,"2":2053,"3":22,"4":22,"5":2031,"6":2031,"7":2053,"8":2,"9":2051,"10":1,"11":2050,"12":3,"13":2047,"14":2,"15":2045,"16":2,"17":2043,"18":1,"19":2042,"20":1,"21":2041,"22":2041,"23":2041,"24":2037,"25":2037,"26":3236,"27":1,"28":1},"f":{"0":6147,"1":2053,"2":2037,"3":1},"b":{"0":[6147,6144,6144],"1":[240],"2":[22,2031],"3":[2,2051],"4":[2053,2053],"5":[1,2050],"6":[3,2047],"7":[2050,2049],"8":[2,2045],"9":[2,2043],"10":[2045,2045],"11":[1,2042],"12":[1,2041],"13":[2041,708,708],"14":[708,285],"15":[708,240]}}
}
