TN:
SF:/home/andrew/code/range/src/Range.ts
FN:1,(anonymous_0)
FN:10,(anonymous_1)
FN:48,(anonymous_2)
FN:54,(anonymous_3)
FNF:4
FNH:4
FNDA:6147,(anonymous_0)
FNDA:2053,(anonymous_1)
FNDA:2037,(anonymous_2)
FNDA:1,(anonymous_3)
DA:1,6147
DA:5,1
DA:13,2053
DA:14,22
DA:15,22
DA:17,2031
DA:18,2031
DA:21,2053
DA:22,2
DA:23,2051
DA:24,1
DA:27,2050
DA:28,3
DA:29,2047
DA:30,2
DA:33,2045
DA:34,2
DA:35,2043
DA:36,1
DA:37,2042
DA:38,1
DA:41,2041
DA:42,2041
DA:43,2041
DA:49,2037
DA:50,3236
DA:55,1
LF:27
LH:27
BRDA:1,0,0,6147
BRDA:1,0,1,6144
BRDA:1,0,2,6144
BRDA:10,1,0,240
BRDA:13,2,0,22
BRDA:13,2,1,2031
BRDA:21,3,0,2
BRDA:21,3,1,2051
BRDA:21,4,0,2053
BRDA:21,4,1,2053
BRDA:23,5,0,1
BRDA:23,5,1,2050
BRDA:27,6,0,3
BRDA:27,6,1,2047
BRDA:27,7,0,2050
BRDA:27,7,1,2049
BRDA:29,8,0,2
BRDA:29,8,1,2045
BRDA:33,9,0,2
BRDA:33,9,1,2043
BRDA:33,10,0,2045
BRDA:33,10,1,2045
BRDA:35,11,0,1
BRDA:35,11,1,2042
BRDA:37,12,0,1
BRDA:37,12,1,2041
BRDA:43,13,0,2041
BRDA:43,13,1,708
BRDA:43,13,2,708
BRDA:44,14,0,708
BRDA:44,14,1,285
BRDA:45,15,0,708
BRDA:45,15,1,240
BRF:33
BRH:33
end_of_record
