TN:
SF:/home/andrew/code/range/src/LazyRange.ts
FN:1,(anonymous_0)
FN:20,(anonymous_1)
FN:16,(anonymous_2)
FN:59,(anonymous_3)
FN:67,(anonymous_4)
FN:89,(anonymous_5)
FN:101,(anonymous_6)
FN:113,(anonymous_7)
FN:151,(anonymous_8)
FN:164,(anonymous_9)
FNF:10
FNH:10
FNDA:6319,(anonymous_0)
FNDA:2096,(anonymous_1)
FNDA:20,(anonymous_2)
FNDA:2097,(anonymous_3)
FNDA:20,(anonymous_4)
FNDA:2,(anonymous_5)
FNDA:2,(anonymous_6)
FNDA:14,(anonymous_7)
FNDA:2,(anonymous_8)
FNDA:20,(anonymous_9)
DA:1,6319
DA:7,1
DA:17,20
DA:21,2096
DA:22,2096
DA:24,2096
DA:25,29
DA:26,29
DA:29,2096
DA:30,2
DA:31,2094
DA:32,1
DA:35,2093
DA:36,3
DA:37,2090
DA:38,2
DA:41,2088
DA:42,2
DA:43,2086
DA:44,1
DA:45,2085
DA:46,1
DA:49,2084
DA:50,2084
DA:51,2084
DA:52,2084
DA:56,2084
DA:60,2097
DA:62,2097
DA:63,3601
DA:68,20
DA:69,1
DA:72,19
DA:73,19
DA:75,19
DA:76,19
DA:78,19
DA:79,78
DA:80,1
DA:82,77
DA:83,77
DA:86,18
DA:90,2
DA:92,2
DA:93,16
DA:94,1
DA:98,1
DA:102,2
DA:104,2
DA:105,16
DA:106,1
DA:110,1
DA:114,14
DA:116,14
DA:120,14
DA:122,14
DA:123,14
DA:124,3
DA:125,11
DA:126,1
DA:129,14
DA:130,14
DA:131,5
DA:132,9
DA:133,6
DA:136,14
DA:137,14
DA:138,14
DA:139,140
DA:140,14
DA:143,140
DA:144,9
DA:148,14
DA:152,2
DA:154,2
DA:155,16
DA:156,1
DA:160,1
DA:165,20
LF:79
LH:79
BRDA:1,0,0,6319
BRDA:1,0,1,6306
BRDA:1,0,2,6306
BRDA:20,1,0,247
BRDA:24,2,0,29
BRDA:24,2,1,2067
BRDA:29,3,0,2
BRDA:29,3,1,2094
BRDA:31,4,0,1
BRDA:31,4,1,2093
BRDA:35,5,0,3
BRDA:35,5,1,2090
BRDA:37,6,0,2
BRDA:37,6,1,2088
BRDA:41,7,0,2
BRDA:41,7,1,2086
BRDA:43,8,0,1
BRDA:43,8,1,2085
BRDA:45,9,0,1
BRDA:45,9,1,2084
BRDA:52,10,0,2084
BRDA:52,10,1,712
BRDA:52,10,2,712
BRDA:53,11,0,712
BRDA:53,11,1,285
BRDA:54,12,0,712
BRDA:54,12,1,241
BRDA:68,13,0,1
BRDA:68,13,1,19
BRDA:78,14,0,96
BRDA:78,14,1,79
BRDA:79,15,0,1
BRDA:79,15,1,77
BRDA:86,16,0,18
BRDA:86,16,1,17
BRDA:93,17,0,1
BRDA:93,17,1,15
BRDA:105,18,0,1
BRDA:105,18,1,15
BRDA:113,19,0,8
BRDA:117,20,0,12
BRDA:117,20,1,2
BRDA:116,21,0,14
BRDA:116,21,1,12
BRDA:123,22,0,3
BRDA:123,22,1,11
BRDA:123,23,0,14
BRDA:123,23,1,12
BRDA:123,23,2,2
BRDA:125,24,0,1
BRDA:125,24,1,10
BRDA:130,25,0,5
BRDA:130,25,1,9
BRDA:132,26,0,6
BRDA:132,26,1,3
BRDA:133,27,0,1
BRDA:133,27,1,5
BRDA:139,28,0,14
BRDA:139,28,1,126
BRDA:143,29,0,9
BRDA:143,29,1,131
BRDA:155,30,0,1
BRDA:155,30,1,15
BRF:63
BRH:63
end_of_record
